ProyectoAR/Library/Bee/Android/Prj/Mono2x/Gradle/launcher/build/intermediates/manifest_merge_blame_file/release/manifest-merger-blame-release-report.txt
1<?xml version="1.0" encoding="utf-8"?>
2<manifest xmlns:android="http://schemas.android.com/apk/res/android"
3    package="com.DefaultCompany.ProyectoAR"
4    android:installLocation="preferExternal"
5    android:versionCode="1"
6    android:versionName="0.1" >
7
8    <uses-sdk
9        android:minSdkVersion="24"
9-->src/main/AndroidManifest.xml
10        android:targetSdkVersion="30" />
10-->src/main/AndroidManifest.xml
11
12    <supports-screens
12-->src/main/AndroidManifest.xml:3:3-163
13        android:anyDensity="true"
13-->src/main/AndroidManifest.xml:3:135-160
14        android:largeScreens="true"
14-->src/main/AndroidManifest.xml:3:78-105
15        android:normalScreens="true"
15-->src/main/AndroidManifest.xml:3:49-77
16        android:smallScreens="true"
16-->src/main/AndroidManifest.xml:3:21-48
17        android:xlargeScreens="true" />
17-->src/main/AndroidManifest.xml:3:106-134
18
19    <uses-feature android:glEsVersion="0x00030000" />
19-->[:unityLibrary] AndroidManifest.xml:12:5-54
19-->[:unityLibrary] AndroidManifest.xml:12:19-51
20
21    <uses-permission android:name="android.permission.INTERNET" />
21-->[:unityLibrary] AndroidManifest.xml:14:5-67
21-->[:unityLibrary] AndroidManifest.xml:14:22-64
22    <uses-permission android:name="android.permission.ACCESS_NETWORK_STATE" />
22-->[:unityLibrary] AndroidManifest.xml:15:5-79
22-->[:unityLibrary] AndroidManifest.xml:15:22-76
23
24    <uses-feature
24-->[:unityLibrary] AndroidManifest.xml:17:5-19:36
25        android:name="android.hardware.touchscreen"
25-->[:unityLibrary] AndroidManifest.xml:18:9-52
26        android:required="false" />
26-->[:unityLibrary] AndroidManifest.xml:19:9-33
27    <uses-feature
27-->[:unityLibrary] AndroidManifest.xml:20:5-22:36
28        android:name="android.hardware.touchscreen.multitouch"
28-->[:unityLibrary] AndroidManifest.xml:21:9-63
29        android:required="false" />
29-->[:unityLibrary] AndroidManifest.xml:22:9-33
30    <uses-feature
30-->[:unityLibrary] AndroidManifest.xml:23:5-25:36
31        android:name="android.hardware.touchscreen.multitouch.distinct"
31-->[:unityLibrary] AndroidManifest.xml:24:9-72
32        android:required="false" />
32-->[:unityLibrary] AndroidManifest.xml:25:9-33
33
34    <uses-permission android:name="android.permission.CAMERA" />
34-->[:unityLibrary] AndroidManifest.xml:27:5-65
34-->[:unityLibrary] AndroidManifest.xml:27:22-62
35
36    <uses-feature
36-->[:unityLibrary] AndroidManifest.xml:29:5-31:35
37        android:name="android.hardware.camera.ar"
37-->[:unityLibrary] AndroidManifest.xml:30:9-50
38        android:required="true" />
38-->[:unityLibrary] AndroidManifest.xml:31:9-32
39    <uses-feature
39-->[:unityLibrary] AndroidManifest.xml:32:5-34:35
40        android:name="com.google.ar.core.depth"
40-->[:unityLibrary] AndroidManifest.xml:33:9-48
41        android:required="true" />
41-->[:unityLibrary] AndroidManifest.xml:34:9-32
42
43    <uses-permission android:name="android.permission.RECORD_AUDIO" />
43-->[:permission.RECORD_AUDIO:] AndroidManifest.xml:3:3-69
43-->[:permission.RECORD_AUDIO:] AndroidManifest.xml:3:20-66
44    <uses-permission android:name="android.permission.WRITE_EXTERNAL_STORAGE" />
45    <uses-permission android:name="android.permission.READ_PHONE_STATE" />
46    <uses-permission android:name="android.permission.READ_EXTERNAL_STORAGE" />
47
48    <queries>
48-->[:arcore_client:] AndroidManifest.xml:29:5-31:15
49        <package android:name="com.google.ar.core" />
49-->[:arcore_client:] AndroidManifest.xml:30:9-54
49-->[:arcore_client:] AndroidManifest.xml:30:18-51
50    </queries>
51
52    <application
52-->src/main/AndroidManifest.xml:4:3-83
53        android:extractNativeLibs="true"
53-->[:unityLibrary] AndroidManifest.xml:36:18-50
54        android:icon="@mipmap/app_icon"
54-->src/main/AndroidManifest.xml:4:49-80
55        android:label="@string/app_name" >
55-->src/main/AndroidManifest.xml:4:16-48
56        <activity
56-->[:unityLibrary] AndroidManifest.xml:37:9-57:20
57            android:name="com.unity3d.player.UnityPlayerActivity"
57-->[:unityLibrary] AndroidManifest.xml:38:13-66
58            android:configChanges="mcc|mnc|locale|touchscreen|keyboard|keyboardHidden|navigation|orientation|screenLayout|uiMode|screenSize|smallestScreenSize|fontScale|layoutDirection|density"
58-->[:unityLibrary] AndroidManifest.xml:39:13-194
59            android:hardwareAccelerated="false"
59-->[:unityLibrary] AndroidManifest.xml:40:13-48
60            android:launchMode="singleTask"
60-->[:unityLibrary] AndroidManifest.xml:41:13-44
61            android:resizeableActivity="false"
61-->[:unityLibrary] AndroidManifest.xml:42:13-47
62            android:screenOrientation="portrait"
62-->[:unityLibrary] AndroidManifest.xml:43:13-49
63            android:theme="@style/UnityThemeSelector" >
63-->[:unityLibrary] AndroidManifest.xml:44:13-54
64            <intent-filter>
64-->[:unityLibrary] AndroidManifest.xml:45:13-49:29
65                <action android:name="android.intent.action.MAIN" />
65-->[:unityLibrary] AndroidManifest.xml:46:17-69
65-->[:unityLibrary] AndroidManifest.xml:46:25-66
66
67                <category android:name="android.intent.category.LAUNCHER" />
67-->[:unityLibrary] AndroidManifest.xml:48:17-77
67-->[:unityLibrary] AndroidManifest.xml:48:27-74
68            </intent-filter>
69
70            <meta-data
70-->[:unityLibrary] AndroidManifest.xml:51:13-53:40
71                android:name="unityplayer.UnityActivity"
71-->[:unityLibrary] AndroidManifest.xml:52:17-57
72                android:value="true" />
72-->[:unityLibrary] AndroidManifest.xml:53:17-37
73            <meta-data
73-->[:unityLibrary] AndroidManifest.xml:54:13-56:40
74                android:name="android.notch_support"
74-->[:unityLibrary] AndroidManifest.xml:55:17-53
75                android:value="true" />
75-->[:unityLibrary] AndroidManifest.xml:56:17-37
76        </activity>
77
78        <meta-data
78-->[:unityLibrary] AndroidManifest.xml:59:9-61:33
79            android:name="unity.splash-mode"
79-->[:unityLibrary] AndroidManifest.xml:60:13-45
80            android:value="0" />
80-->[:unityLibrary] AndroidManifest.xml:61:13-30
81        <meta-data
81-->[:unityLibrary] AndroidManifest.xml:62:9-64:36
82            android:name="unity.splash-enable"
82-->[:unityLibrary] AndroidManifest.xml:63:13-47
83            android:value="True" />
83-->[:unityLibrary] AndroidManifest.xml:64:13-33
84        <meta-data
84-->[:unityLibrary] AndroidManifest.xml:65:9-67:36
85            android:name="unity.launch-fullscreen"
85-->[:unityLibrary] AndroidManifest.xml:66:13-51
86            android:value="True" />
86-->[:unityLibrary] AndroidManifest.xml:67:13-33
87        <meta-data
87-->[:unityLibrary] AndroidManifest.xml:68:9-70:37
88            android:name="unity.allow-resizable-window"
88-->[:unityLibrary] AndroidManifest.xml:69:13-56
89            android:value="False" />
89-->[:unityLibrary] AndroidManifest.xml:70:13-34
90        <meta-data
90-->[:unityLibrary] AndroidManifest.xml:71:9-73:50
91            android:name="notch.config"
91-->[:unityLibrary] AndroidManifest.xml:72:13-40
92            android:value="portrait|landscape" />
92-->[:unityLibrary] AndroidManifest.xml:73:13-47
93        <meta-data
93-->[:unityLibrary] AndroidManifest.xml:74:9-76:36
94            android:name="unityplayer.SkipPermissionsDialog"
94-->[:unityLibrary] AndroidManifest.xml:75:13-61
95            android:value="true" />
95-->[:unityLibrary] AndroidManifest.xml:76:13-33
96        <meta-data
96-->[:unityLibrary] AndroidManifest.xml:77:9-79:40
97            android:name="com.google.ar.core"
97-->[:unityLibrary] AndroidManifest.xml:78:13-46
98            android:value="required" /> <!-- The minimal version code of ARCore APK required for an app using this SDK. -->
98-->[:unityLibrary] AndroidManifest.xml:79:13-37
99        <meta-data
99-->[:arcore_client:] AndroidManifest.xml:36:9-38:41
100            android:name="com.google.ar.core.min_apk_version"
100-->[:arcore_client:] AndroidManifest.xml:37:13-62
101            android:value="210910000" /> <!-- This activity is critical for installing ARCore when it is not already present. -->
101-->[:arcore_client:] AndroidManifest.xml:38:13-38
102        <activity
102-->[:arcore_client:] AndroidManifest.xml:40:9-46:80
103            android:name="com.google.ar.core.InstallActivity"
103-->[:arcore_client:] AndroidManifest.xml:41:13-62
104            android:configChanges="keyboardHidden|orientation|screenSize"
104-->[:arcore_client:] AndroidManifest.xml:42:13-74
105            android:excludeFromRecents="true"
105-->[:arcore_client:] AndroidManifest.xml:43:13-46
106            android:exported="false"
106-->[:arcore_client:] AndroidManifest.xml:44:13-37
107            android:launchMode="singleTop"
107-->[:arcore_client:] AndroidManifest.xml:45:13-43
108            android:theme="@android:style/Theme.Material.Light.Dialog.Alert" />
108-->[:arcore_client:] AndroidManifest.xml:46:13-77
109    </application>
110
111</manifest>